<?xml version="1.0" encoding="UTF-8"?>
<!-- Generated by org.testng.reporters.JUnitReportReporter -->
<testsuite hostname="Govardhan-PC" name="tests.Cucumber.TestNGrunner" tests="2" failures="1" timestamp="4 Jul 2019 16:10:41 GMT" time="80.445" errors="0">
  <testcase name="runScenario" time="34.049" classname="tests.Cucumber.TestNGrunner">
    <failure type="java.lang.NullPointerException">
      <![CDATA[java.lang.NullPointerException
	at tests.Cucumber.StepDefinition.e(StepDefinition.java:93)
	at ?.display the values(file:src/main/java/tests/Cucumber/Practice.feature:17)
]]>
    </failure>
  </testcase> <!-- runScenario -->
  <testcase name="runScenario" time="46.396" classname="tests.Cucumber.TestNGrunner"/>
</testsuite> <!-- tests.Cucumber.TestNGrunner -->
